<?xml version="1.0" encoding="UTF-8"?>
<!-- Generated by org.testng.reporters.JUnitReportReporter -->
<testsuite hostname="DESKTOP-KI27Q0G" failures="0" tests="1" name="TestSuites.trutime" time="55.407" errors="0" timestamp="19 Jan 2023 10:02:29 GMT" skipped="0">
  <testcase classname="TestSuites.trutime" name="testCases" time="55.407"/>
</testsuite> <!-- TestSuites.trutime -->
