<?xml version="1.0" encoding="UTF-8"?>
<!-- Generated by org.testng.reporters.JUnitReportReporter -->
<testsuite hostname="DESKTOP-KI27Q0G" failures="0" tests="1" name="TestSuites.AppTest" time="65.386" errors="0" timestamp="26 Jan 2023 19:26:33 GMT" skipped="0">
  <testcase classname="TestSuites.AppTest" name="testCases" time="65.386"/>
</testsuite> <!-- TestSuites.AppTest -->
