<?xml version="1.0" encoding="UTF-8"?>
<!-- Generated by org.testng.reporters.JUnitReportReporter -->
<testsuite hostname="DESKTOP-KI27Q0G" failures="0" tests="1" name="TestSuites.AppTest" time="54.045" errors="0" timestamp="25 Jan 2023 07:03:02 GMT" skipped="0">
  <testcase classname="TestSuites.AppTest" name="testCases" time="54.045"/>
</testsuite> <!-- TestSuites.AppTest -->
